TN:
SF:config/database.ts
FN:8,Database
FN:22,getInstance
FN:29,get db
FNF:3
FNH:3
FNDA:1,Database
FNDA:1,getInstance
FNDA:1,get db
DA:1,1
DA:2,1
DA:3,1
DA:4,1
DA:5,1
DA:6,1
DA:7,1
DA:8,1
DA:9,1
DA:10,1
DA:11,1
DA:12,1
DA:13,1
DA:14,1
DA:15,1
DA:16,1
DA:17,1
DA:18,1
DA:19,1
DA:20,1
DA:21,1
DA:22,1
DA:23,1
DA:24,1
DA:25,1
DA:26,1
DA:27,1
DA:28,1
DA:29,1
DA:30,1
DA:31,1
DA:32,1
DA:33,1
DA:34,1
LF:34
LH:34
BRDA:8,0,0,1
BRDA:22,1,0,1
BRDA:29,2,0,1
BRF:3
BRH:3
end_of_record
TN:
SF:models/Cars.ts
FN:28,get tableName
FN:32,get idColumn
FN:36,$beforeInsert
FN:41,$beforeUpdate
FN:46,get timestamps
FNF:5
FNH:0
FNDA:0,get tableName
FNDA:0,get idColumn
FNDA:0,$beforeInsert
FNDA:0,$beforeUpdate
FNDA:0,get timestamps
DA:1,1
DA:2,1
DA:3,1
DA:4,1
DA:5,1
DA:6,1
DA:7,1
DA:8,1
DA:9,1
DA:10,1
DA:11,1
DA:12,1
DA:13,1
DA:14,1
DA:15,1
DA:16,1
DA:17,1
DA:18,1
DA:19,1
DA:20,1
DA:21,1
DA:22,1
DA:23,1
DA:24,1
DA:25,1
DA:26,1
DA:27,1
DA:28,1
DA:29,0
DA:30,0
DA:31,1
DA:32,1
DA:33,0
DA:34,0
DA:35,1
DA:36,1
DA:37,0
DA:38,0
DA:39,0
DA:40,1
DA:41,1
DA:42,0
DA:43,0
DA:44,0
DA:45,1
DA:46,1
DA:47,0
DA:48,0
DA:49,1
DA:50,1
DA:51,1
LF:51
LH:39
BRF:0
BRH:0
end_of_record
TN:
SF:repositories/RepoCars.ts
FN:11,RepoCars
FN:13,count
FN:23,list
FN:38,show
FN:44,create
FN:53,remove
FN:64,update
FNF:7
FNH:0
FNDA:0,RepoCars
FNDA:0,count
FNDA:0,list
FNDA:0,show
FNDA:0,create
FNDA:0,remove
FNDA:0,update
DA:1,1
DA:2,1
DA:3,1
DA:4,1
DA:5,1
DA:6,1
DA:7,1
DA:8,1
DA:9,1
DA:10,1
DA:11,1
DA:12,1
DA:13,1
DA:14,0
DA:15,0
DA:16,0
DA:17,0
DA:18,0
DA:19,0
DA:20,0
DA:21,0
DA:22,1
DA:23,1
DA:24,0
DA:25,0
DA:26,0
DA:27,0
DA:28,0
DA:29,0
DA:30,0
DA:31,0
DA:32,0
DA:33,0
DA:34,0
DA:35,0
DA:36,0
DA:37,1
DA:38,1
DA:39,0
DA:40,0
DA:41,0
DA:42,0
DA:43,1
DA:44,1
DA:45,0
DA:46,0
DA:47,0
DA:48,0
DA:49,0
DA:50,0
DA:51,0
DA:52,1
DA:53,1
DA:54,0
DA:55,0
DA:56,0
DA:57,0
DA:58,0
DA:59,0
DA:60,0
DA:61,0
DA:62,0
DA:63,1
DA:64,1
DA:65,0
DA:66,0
DA:67,0
DA:68,0
DA:69,0
DA:70,0
DA:71,0
DA:72,0
DA:73,0
DA:74,1
DA:75,1
DA:76,1
LF:76
LH:26
BRF:0
BRH:0
end_of_record
TN:
SF:services/ServiceAuth.ts
FN:21,ServiceAuth
FN:25,login
FN:37,register
FN:46,getUserById
FN:51,generateToken
FN:55,encryptPassword
FN:58,validateToken
FN:63,validateRole
FNF:8
FNH:8
FNDA:10,ServiceAuth
FNDA:3,login
FNDA:1,register
FNDA:1,getUserById
FNDA:2,generateToken
FNDA:1,encryptPassword
FNDA:1,validateToken
FNDA:2,validateRole
DA:1,1
DA:2,1
DA:3,1
DA:4,1
DA:5,1
DA:6,1
DA:7,1
DA:8,1
DA:9,1
DA:10,1
DA:11,1
DA:12,1
DA:13,1
DA:14,1
DA:15,1
DA:16,1
DA:17,1
DA:18,1
DA:19,1
DA:20,1
DA:21,1
DA:22,10
DA:23,10
DA:24,1
DA:25,1
DA:26,3
DA:27,3
DA:28,1
DA:29,1
DA:30,2
DA:31,3
DA:32,1
DA:33,1
DA:34,1
DA:35,1
DA:36,1
DA:37,1
DA:38,1
DA:39,1
DA:40,1
DA:41,1
DA:42,1
DA:43,1
DA:44,1
DA:45,1
DA:46,1
DA:47,1
DA:48,1
DA:49,1
DA:50,1
DA:51,1
DA:52,2
DA:53,2
DA:54,2
DA:55,1
DA:56,1
DA:57,1
DA:58,1
DA:59,1
DA:60,1
DA:61,1
DA:62,1
DA:63,1
DA:64,2
DA:65,2
DA:66,1
DA:67,1
DA:68,1
LF:68
LH:68
BRDA:21,0,0,10
BRDA:25,1,0,3
BRDA:27,2,0,1
BRDA:30,3,0,2
BRDA:31,4,0,1
BRDA:37,5,0,1
BRDA:46,6,0,1
BRDA:51,7,0,2
BRDA:55,8,0,1
BRDA:58,9,0,1
BRDA:63,10,0,2
BRF:11
BRH:11
end_of_record
TN:
SF:services/ServiceCars.ts
FN:9,ServiceCars
FN:13,list
FN:18,show
FN:23,create
FN:29,update
FN:35,remove
FN:41,count
FN:46,set setUser
FN:50,get getUser
FNF:9
FNH:9
FNDA:12,ServiceCars
FNDA:2,list
FNDA:2,show
FNDA:2,create
FNDA:2,update
FNDA:2,remove
FNDA:2,count
FNDA:9,set setUser
FNDA:6,get getUser
DA:1,1
DA:2,1
DA:3,1
DA:4,1
DA:5,1
DA:6,1
DA:7,1
DA:8,1
DA:9,1
DA:10,12
DA:11,12
DA:12,1
DA:13,1
DA:14,2
DA:15,2
DA:16,2
DA:17,1
DA:18,1
DA:19,2
DA:20,2
DA:21,2
DA:22,1
DA:23,1
DA:24,2
DA:25,2
DA:26,2
DA:27,2
DA:28,1
DA:29,1
DA:30,2
DA:31,2
DA:32,2
DA:33,2
DA:34,1
DA:35,1
DA:36,2
DA:37,2
DA:38,2
DA:39,2
DA:40,1
DA:41,1
DA:42,2
DA:43,2
DA:44,2
DA:45,1
DA:46,1
DA:47,9
DA:48,9
DA:49,1
DA:50,1
DA:51,6
DA:52,6
DA:53,1
DA:54,1
DA:55,1
LF:55
LH:55
BRDA:9,0,0,12
BRDA:13,1,0,2
BRDA:18,2,0,2
BRDA:23,3,0,2
BRDA:29,4,0,2
BRDA:35,5,0,2
BRDA:41,6,0,2
BRDA:46,7,0,9
BRDA:50,8,0,6
BRF:9
BRH:9
end_of_record
TN:
SF:utils/ClientError.ts
FN:3,ClientError
FNF:1
FNH:1
FNDA:4,ClientError
DA:1,1
DA:2,1
DA:3,1
DA:4,4
DA:5,4
DA:6,4
DA:7,4
DA:8,1
DA:9,1
DA:10,1
LF:10
LH:10
BRDA:3,0,0,4
BRF:1
BRH:1
end_of_record
TN:
SF:utils/ResponseBuilder.ts
FN:4,ResponseBuilder
FN:5,response
FNF:2
FNH:1
FNDA:0,ResponseBuilder
FNDA:2,response
DA:1,1
DA:2,1
DA:3,1
DA:4,1
DA:5,1
DA:6,2
DA:7,2
DA:8,2
DA:9,2
DA:10,2
DA:11,2
DA:12,2
DA:13,2
DA:14,2
DA:15,2
DA:16,2
DA:17,2
DA:18,2
DA:19,2
DA:20,2
DA:21,2
DA:22,2
DA:23,2
DA:24,2
DA:25,2
DA:26,2
DA:27,2
DA:28,2
DA:29,2
DA:30,2
DA:31,1
DA:32,1
DA:33,1
LF:33
LH:33
BRDA:5,0,0,2
BRF:1
BRH:1
end_of_record
